# JRE version: Java(TM) SE Runtime Environment (8.0_31-b13) (build 1.8.0_31-b13)
# Java VM: Java HotSpot(TM) 64-Bit Server VM (25.31-b07 mixed mode windows-amd64 compressed oops)
Heap:
 PSYoungGen      total 157696K, used 138752K [0x00000000eab00000, 0x00000000f5780000, 0x0000000100000000)
  eden space 138752K, 100% used [0x00000000eab00000,0x00000000f3280000,0x00000000f3280000)
  from space 18944K, 0% used [0x00000000f4500000,0x00000000f4500000,0x00000000f5780000)
  to   space 18944K, 11% used [0x00000000f3280000,0x00000000f34b4010,0x00000000f4500000)
 ParOldGen       total 45056K, used 24110K [0x00000000c0000000, 0x00000000c2c00000, 0x00000000eab00000)
  object space 45056K, 53% used [0x00000000c0000000,0x00000000c178bac8,0x00000000c2c00000)
 Metaspace       used 47454K, capacity 48560K, committed 51968K, reserved 1093632K
  class space    used 6295K, capacity 6694K, committed 7680K, reserved 1048576K
GC Heap History (10 events):
Event: 60.600 GC heap before
{Heap before GC invocations=27 (full 2):
 PSYoungGen      total 123392K, used 123381K [0x00000000eab00000, 0x00000000f3400000, 0x0000000100000000)
  eden space 113664K, 100% used [0x00000000eab00000,0x00000000f1a00000,0x00000000f1a00000)
  from space 9728K, 99% used [0x00000000f2a80000,0x00000000f33fd6a8,0x00000000f3400000)
  to   space 12288K, 0% used [0x00000000f1c00000,0x00000000f1c00000,0x00000000f2800000)
 ParOldGen       total 43520K, used 21517K [0x00000000c0000000, 0x00000000c2a80000, 0x00000000eab00000)
  object space 43520K, 49% used [0x00000000c0000000,0x00000000c1503778,0x00000000c2a80000)
 Metaspace       used 40937K, capacity 42354K, committed 42624K, reserved 1085440K
  class space    used 5623K, capacity 6191K, committed 6272K, reserved 1048576K
Event: 60.666 GC heap after
Heap after GC invocations=27 (full 2):
 PSYoungGen      total 128000K, used 12272K [0x00000000eab00000, 0x00000000f5780000, 0x0000000100000000)
  eden space 115712K, 0% used [0x00000000eab00000,0x00000000eab00000,0x00000000f1c00000)
  from space 12288K, 99% used [0x00000000f1c00000,0x00000000f27fc010,0x00000000f2800000)
  to   space 18944K, 0% used [0x00000000f4500000,0x00000000f4500000,0x00000000f5780000)
 ParOldGen       total 43520K, used 32183K [0x00000000c0000000, 0x00000000c2a80000, 0x00000000eab00000)
  object space 43520K, 73% used [0x00000000c0000000,0x00000000c1f6def8,0x00000000c2a80000)
 Metaspace       used 40937K, capacity 42354K, committed 42624K, reserved 1085440K
  class space    used 5623K, capacity 6191K, committed 6272K, reserved 1048576K
}
Event: 75.869 GC heap before
{Heap before GC invocations=28 (full 2):
 PSYoungGen      total 128000K, used 100469K [0x00000000eab00000, 0x00000000f5780000, 0x0000000100000000)
  eden space 115712K, 76% used [0x00000000eab00000,0x00000000f01217a8,0x00000000f1c00000)
  from space 12288K, 99% used [0x00000000f1c00000,0x00000000f27fc010,0x00000000f2800000)
  to   space 18944K, 0% used [0x00000000f4500000,0x00000000f4500000,0x00000000f5780000)
 ParOldGen       total 43520K, used 32183K [0x00000000c0000000, 0x00000000c2a80000, 0x00000000eab00000)
  object space 43520K, 73% used [0x00000000c0000000,0x00000000c1f6def8,0x00000000c2a80000)
 Metaspace       used 47335K, capacity 49204K, committed 49536K, reserved 1091584K
  class space    used 6521K, capacity 7191K, committed 7296K, reserved 1048576K
Event: 75.906 GC heap after
Heap after GC invocations=28 (full 2):
 PSYoungGen      total 157696K, used 9510K [0x00000000eab00000, 0x00000000f5780000, 0x0000000100000000)
  eden space 138752K, 0% used [0x00000000eab00000,0x00000000eab00000,0x00000000f3280000)
  from space 18944K, 50% used [0x00000000f4500000,0x00000000f4e49a50,0x00000000f5780000)
  to   space 18944K, 0% used [0x00000000f3280000,0x00000000f3280000,0x00000000f4500000)
 ParOldGen       total 45056K, used 44520K [0x00000000c0000000, 0x00000000c2c00000, 0x00000000eab00000)
  object space 45056K, 98% used [0x00000000c0000000,0x00000000c2b7a398,0x00000000c2c00000)
 Metaspace       used 47335K, capacity 49204K, committed 49536K, reserved 1091584K
  class space    used 6521K, capacity 7191K, committed 7296K, reserved 1048576K
}
Event: 75.906 GC heap before
{Heap before GC invocations=29 (full 3):
 PSYoungGen      total 157696K, used 9510K [0x00000000eab00000, 0x00000000f5780000, 0x0000000100000000)
  eden space 138752K, 0% used [0x00000000eab00000,0x00000000eab00000,0x00000000f3280000)
  from space 18944K, 50% used [0x00000000f4500000,0x00000000f4e49a50,0x00000000f5780000)
  to   space 18944K, 0% used [0x00000000f3280000,0x00000000f3280000,0x00000000f4500000)
 ParOldGen       total 45056K, used 44520K [0x00000000c0000000, 0x00000000c2c00000, 0x00000000eab00000)
  object space 45056K, 98% used [0x00000000c0000000,0x00000000c2b7a398,0x00000000c2c00000)
 Metaspace       used 47335K, capacity 49204K, committed 49536K, reserved 1091584K
  class space    used 6521K, capacity 7191K, committed 7296K, reserved 1048576K
Event: 76.516 GC heap after
Heap after GC invocations=29 (full 3):
 PSYoungGen      total 157696K, used 4612K [0x00000000eab00000, 0x00000000f5780000, 0x0000000100000000)
  eden space 138752K, 0% used [0x00000000eab00000,0x00000000eab00000,0x00000000f3280000)
  from space 18944K, 24% used [0x00000000f4500000,0x00000000f49813a0,0x00000000f5780000)
  to   space 18944K, 0% used [0x00000000f3280000,0x00000000f3280000,0x00000000f4500000)
 ParOldGen       total 45056K, used 44731K [0x00000000c0000000, 0x00000000c2c00000, 0x00000000eab00000)
  object space 45056K, 99% used [0x00000000c0000000,0x00000000c2baee48,0x00000000c2c00000)
 Metaspace       used 47335K, capacity 49204K, committed 49536K, reserved 1091584K
  class space    used 6521K, capacity 7191K, committed 7296K, reserved 1048576K
}
Event: 4079.887 GC heap before
{Heap before GC invocations=30 (full 4):
 PSYoungGen      total 157696K, used 143364K [0x00000000eab00000, 0x00000000f5780000, 0x0000000100000000)
  eden space 138752K, 100% used [0x00000000eab00000,0x00000000f3280000,0x00000000f3280000)
  from space 18944K, 24% used [0x00000000f4500000,0x00000000f49813a0,0x00000000f5780000)
  to   space 18944K, 0% used [0x00000000f3280000,0x00000000f3280000,0x00000000f4500000)
 ParOldGen       total 45056K, used 44731K [0x00000000c0000000, 0x00000000c2c00000, 0x00000000eab00000)
  object space 45056K, 99% used [0x00000000c0000000,0x00000000c2baee48,0x00000000c2c00000)
 Metaspace       used 48974K, capacity 51438K, committed 51712K, reserved 1093632K
  class space    used 6759K, capacity 7589K, committed 7680K, reserved 1048576K
Event: 4086.011 GC heap after
Heap after GC invocations=30 (full 4):
 PSYoungGen      total 157696K, used 4986K [0x00000000eab00000, 0x00000000f5780000, 0x0000000100000000)
  eden space 138752K, 3% used [0x00000000eab00000,0x00000000eafde8e8,0x00000000f3280000)
  from space 18944K, 0% used [0x00000000f4500000,0x00000000f4500000,0x00000000f5780000)
  to   space 18944K, 0% used [0x00000000f3280000,0x00000000f3280000,0x00000000f4500000)
 ParOldGen       total 45056K, used 45045K [0x00000000c0000000, 0x00000000c2c00000, 0x00000000eab00000)
  object space 45056K, 99% used [0x00000000c0000000,0x00000000c2bfd6c8,0x00000000c2c00000)
 Metaspace       used 48974K, capacity 51438K, committed 51712K, reserved 1093632K
  class space    used 6759K, capacity 7589K, committed 7680K, reserved 1048576K
}
Event: 4088.840 GC heap before
{Heap before GC invocations=31 (full 5):
 PSYoungGen      total 157696K, used 138752K [0x00000000eab00000, 0x00000000f5780000, 0x0000000100000000)
  eden space 138752K, 100% used [0x00000000eab00000,0x00000000f3280000,0x00000000f3280000)
  from space 18944K, 0% used [0x00000000f4500000,0x00000000f4500000,0x00000000f5780000)
  to   space 18944K, 0% used [0x00000000f3280000,0x00000000f3280000,0x00000000f4500000)
 ParOldGen       total 45056K, used 45045K [0x00000000c0000000, 0x00000000c2c00000, 0x00000000eab00000)
  object space 45056K, 99% used [0x00000000c0000000,0x00000000c2bfd6c8,0x00000000c2c00000)
 Metaspace       used 49087K, capacity 51736K, committed 51968K, reserved 1093632K
  class space    used 6772K, capacity 7659K, committed 7680K, reserved 1048576K
Event: 4089.146 GC heap after
Heap after GC invocations=31 (full 5):
 PSYoungGen      total 157696K, used 0K [0x00000000eab00000, 0x00000000f5780000, 0x0000000100000000)
  eden space 138752K, 0% used [0x00000000eab00000,0x00000000eab00000,0x00000000f3280000)
  from space 18944K, 0% used [0x00000000f4500000,0x00000000f4500000,0x00000000f5780000)
  to   space 18944K, 0% used [0x00000000f3280000,0x00000000f3280000,0x00000000f4500000)
 ParOldGen       total 45056K, used 24110K [0x00000000c0000000, 0x00000000c2c00000, 0x00000000eab00000)
  object space 45056K, 53% used [0x00000000c0000000,0x00000000c178bac8,0x00000000c2c00000)
 Metaspace       used 47310K, capacity 48342K, committed 51968K, reserved 1093632K
  class space    used 6269K, capacity 6605K, committed 7680K, reserved 1048576K
}

