# JRE version: Java(TM) SE Runtime Environment (8.0_31-b13) (build 1.8.0_31-b13)
# Java VM: Java HotSpot(TM) 64-Bit Server VM (25.31-b07 mixed mode windows-amd64 compressed oops)
Heap:
 PSYoungGen      total 65536K, used 13150K [0x00000000eab00000, 0x00000000f0700000, 0x0000000100000000)
  eden space 58880K, 21% used [0x00000000eab00000,0x00000000eb79fbd8,0x00000000ee480000)
  from space 6656K, 3% used [0x00000000ee480000,0x00000000ee4b8000,0x00000000eeb00000)
  to   space 6656K, 0% used [0x00000000f0080000,0x00000000f0080000,0x00000000f0700000)
 ParOldGen       total 28160K, used 10632K [0x00000000c0000000, 0x00000000c1b80000, 0x00000000eab00000)
  object space 28160K, 37% used [0x00000000c0000000,0x00000000c0a62148,0x00000000c1b80000)
 Metaspace       used 22063K, capacity 22546K, committed 22912K, reserved 1069056K
  class space    used 2916K, capacity 3076K, committed 3200K, reserved 1048576K
GC Heap History (10 events):
Event: 72.137 GC heap before
{Heap before GC invocations=14 (full 1):
 PSYoungGen      total 30208K, used 23680K [0x00000000eab00000, 0x00000000ed080000, 0x0000000100000000)
  eden space 23552K, 100% used [0x00000000eab00000,0x00000000ec200000,0x00000000ec200000)
  from space 6656K, 1% used [0x00000000ec900000,0x00000000ec920000,0x00000000ecf80000)
  to   space 7168K, 0% used [0x00000000ec200000,0x00000000ec200000,0x00000000ec900000)
 ParOldGen       total 28160K, used 9796K [0x00000000c0000000, 0x00000000c1b80000, 0x00000000eab00000)
  object space 28160K, 34% used [0x00000000c0000000,0x00000000c09910f8,0x00000000c1b80000)
 Metaspace       used 22030K, capacity 22482K, committed 22656K, reserved 1069056K
  class space    used 2914K, capacity 3076K, committed 3200K, reserved 1048576K
Event: 72.152 GC heap after
Heap after GC invocations=14 (full 1):
 PSYoungGen      total 30720K, used 160K [0x00000000eab00000, 0x00000000edd80000, 0x0000000100000000)
  eden space 23552K, 0% used [0x00000000eab00000,0x00000000eab00000,0x00000000ec200000)
  from space 7168K, 2% used [0x00000000ec200000,0x00000000ec228000,0x00000000ec900000)
  to   space 7168K, 0% used [0x00000000ed680000,0x00000000ed680000,0x00000000edd80000)
 ParOldGen       total 28160K, used 9876K [0x00000000c0000000, 0x00000000c1b80000, 0x00000000eab00000)
  object space 28160K, 35% used [0x00000000c0000000,0x00000000c09a50f8,0x00000000c1b80000)
 Metaspace       used 22030K, capacity 22482K, committed 22656K, reserved 1069056K
  class space    used 2914K, capacity 3076K, committed 3200K, reserved 1048576K
}
Event: 72.479 GC heap before
{Heap before GC invocations=15 (full 1):
 PSYoungGen      total 30720K, used 23712K [0x00000000eab00000, 0x00000000edd80000, 0x0000000100000000)
  eden space 23552K, 100% used [0x00000000eab00000,0x00000000ec200000,0x00000000ec200000)
  from space 7168K, 2% used [0x00000000ec200000,0x00000000ec228000,0x00000000ec900000)
  to   space 7168K, 0% used [0x00000000ed680000,0x00000000ed680000,0x00000000edd80000)
 ParOldGen       total 28160K, used 9876K [0x00000000c0000000, 0x00000000c1b80000, 0x00000000eab00000)
  object space 28160K, 35% used [0x00000000c0000000,0x00000000c09a50f8,0x00000000c1b80000)
 Metaspace       used 22030K, capacity 22482K, committed 22656K, reserved 1069056K
  class space    used 2914K, capacity 3076K, committed 3200K, reserved 1048576K
Event: 72.487 GC heap after
Heap after GC invocations=15 (full 1):
 PSYoungGen      total 44544K, used 128K [0x00000000eab00000, 0x00000000edd80000, 0x0000000100000000)
  eden space 37376K, 0% used [0x00000000eab00000,0x00000000eab00000,0x00000000ecf80000)
  from space 7168K, 1% used [0x00000000ed680000,0x00000000ed6a0000,0x00000000edd80000)
  to   space 7168K, 0% used [0x00000000ecf80000,0x00000000ecf80000,0x00000000ed680000)
 ParOldGen       total 28160K, used 10012K [0x00000000c0000000, 0x00000000c1b80000, 0x00000000eab00000)
  object space 28160K, 35% used [0x00000000c0000000,0x00000000c09c7108,0x00000000c1b80000)
 Metaspace       used 22030K, capacity 22482K, committed 22656K, reserved 1069056K
  class space    used 2914K, capacity 3076K, committed 3200K, reserved 1048576K
}
Event: 72.936 GC heap before
{Heap before GC invocations=16 (full 1):
 PSYoungGen      total 44544K, used 37504K [0x00000000eab00000, 0x00000000edd80000, 0x0000000100000000)
  eden space 37376K, 100% used [0x00000000eab00000,0x00000000ecf80000,0x00000000ecf80000)
  from space 7168K, 1% used [0x00000000ed680000,0x00000000ed6a0000,0x00000000edd80000)
  to   space 7168K, 0% used [0x00000000ecf80000,0x00000000ecf80000,0x00000000ed680000)
 ParOldGen       total 28160K, used 10012K [0x00000000c0000000, 0x00000000c1b80000, 0x00000000eab00000)
  object space 28160K, 35% used [0x00000000c0000000,0x00000000c09c7108,0x00000000c1b80000)
 Metaspace       used 22031K, capacity 22482K, committed 22656K, reserved 1069056K
  class space    used 2914K, capacity 3076K, committed 3200K, reserved 1048576K
Event: 72.939 GC heap after
Heap after GC invocations=16 (full 1):
 PSYoungGen      total 44544K, used 288K [0x00000000eab00000, 0x00000000ef280000, 0x0000000100000000)
  eden space 37376K, 0% used [0x00000000eab00000,0x00000000eab00000,0x00000000ecf80000)
  from space 7168K, 4% used [0x00000000ecf80000,0x00000000ecfc8000,0x00000000ed680000)
  to   space 7168K, 0% used [0x00000000eeb80000,0x00000000eeb80000,0x00000000ef280000)
 ParOldGen       total 28160K, used 10124K [0x00000000c0000000, 0x00000000c1b80000, 0x00000000eab00000)
  object space 28160K, 35% used [0x00000000c0000000,0x00000000c09e3108,0x00000000c1b80000)
 Metaspace       used 22031K, capacity 22482K, committed 22656K, reserved 1069056K
  class space    used 2914K, capacity 3076K, committed 3200K, reserved 1048576K
}
Event: 73.290 GC heap before
{Heap before GC invocations=17 (full 1):
 PSYoungGen      total 44544K, used 37664K [0x00000000eab00000, 0x00000000ef280000, 0x0000000100000000)
  eden space 37376K, 100% used [0x00000000eab00000,0x00000000ecf80000,0x00000000ecf80000)
  from space 7168K, 4% used [0x00000000ecf80000,0x00000000ecfc8000,0x00000000ed680000)
  to   space 7168K, 0% used [0x00000000eeb80000,0x00000000eeb80000,0x00000000ef280000)
 ParOldGen       total 28160K, used 10124K [0x00000000c0000000, 0x00000000c1b80000, 0x00000000eab00000)
  object space 28160K, 35% used [0x00000000c0000000,0x00000000c09e3108,0x00000000c1b80000)
 Metaspace       used 22061K, capacity 22546K, committed 22912K, reserved 1069056K
  class space    used 2916K, capacity 3076K, committed 3200K, reserved 1048576K
Event: 73.293 GC heap after
Heap after GC invocations=17 (full 1):
 PSYoungGen      total 65024K, used 384K [0x00000000eab00000, 0x00000000ef180000, 0x0000000100000000)
  eden space 58880K, 0% used [0x00000000eab00000,0x00000000eab00000,0x00000000ee480000)
  from space 6144K, 6% used [0x00000000eeb80000,0x00000000eebe0000,0x00000000ef180000)
  to   space 6656K, 0% used [0x00000000ee480000,0x00000000ee480000,0x00000000eeb00000)
 ParOldGen       total 28160K, used 10344K [0x00000000c0000000, 0x00000000c1b80000, 0x00000000eab00000)
  object space 28160K, 36% used [0x00000000c0000000,0x00000000c0a1a148,0x00000000c1b80000)
 Metaspace       used 22061K, capacity 22546K, committed 22912K, reserved 1069056K
  class space    used 2916K, capacity 3076K, committed 3200K, reserved 1048576K
}
Event: 73.736 GC heap before
{Heap before GC invocations=18 (full 1):
 PSYoungGen      total 65024K, used 59264K [0x00000000eab00000, 0x00000000ef180000, 0x0000000100000000)
  eden space 58880K, 100% used [0x00000000eab00000,0x00000000ee480000,0x00000000ee480000)
  from space 6144K, 6% used [0x00000000eeb80000,0x00000000eebe0000,0x00000000ef180000)
  to   space 6656K, 0% used [0x00000000ee480000,0x00000000ee480000,0x00000000eeb00000)
 ParOldGen       total 28160K, used 10344K [0x00000000c0000000, 0x00000000c1b80000, 0x00000000eab00000)
  object space 28160K, 36% used [0x00000000c0000000,0x00000000c0a1a148,0x00000000c1b80000)
 Metaspace       used 22061K, capacity 22546K, committed 22912K, reserved 1069056K
  class space    used 2916K, capacity 3076K, committed 3200K, reserved 1048576K
Event: 73.738 GC heap after
Heap after GC invocations=18 (full 1):
 PSYoungGen      total 65536K, used 224K [0x00000000eab00000, 0x00000000f0700000, 0x0000000100000000)
  eden space 58880K, 0% used [0x00000000eab00000,0x00000000eab00000,0x00000000ee480000)
  from space 6656K, 3% used [0x00000000ee480000,0x00000000ee4b8000,0x00000000eeb00000)
  to   space 6656K, 0% used [0x00000000f0080000,0x00000000f0080000,0x00000000f0700000)
 ParOldGen       total 28160K, used 10632K [0x00000000c0000000, 0x00000000c1b80000, 0x00000000eab00000)
  object space 28160K, 37% used [0x00000000c0000000,0x00000000c0a62148,0x00000000c1b80000)
 Metaspace       used 22061K, capacity 22546K, committed 22912K, reserved 1069056K
  class space    used 2916K, capacity 3076K, committed 3200K, reserved 1048576K
}

