# JRE version: Java(TM) SE Runtime Environment (8.0_31-b13) (build 1.8.0_31-b13)
# Java VM: Java HotSpot(TM) 64-Bit Server VM (25.31-b07 mixed mode windows-amd64 compressed oops)
Heap:
 PSYoungGen      total 72704K, used 48135K [0x00000000eab00000, 0x00000000f0b00000, 0x0000000100000000)
  eden space 66048K, 71% used [0x00000000eab00000,0x00000000ed969e58,0x00000000eeb80000)
  from space 6656K, 9% used [0x00000000eeb80000,0x00000000eec18020,0x00000000ef200000)
  to   space 6144K, 0% used [0x00000000f0500000,0x00000000f0500000,0x00000000f0b00000)
 ParOldGen       total 28160K, used 11022K [0x00000000c0000000, 0x00000000c1b80000, 0x00000000eab00000)
  object space 28160K, 39% used [0x00000000c0000000,0x00000000c0ac39b0,0x00000000c1b80000)
 Metaspace       used 24238K, capacity 24907K, committed 25216K, reserved 1079296K
  class space    used 3165K, capacity 3394K, committed 3456K, reserved 1048576K
GC Heap History (10 events):
Event: 53.782 GC heap before
{Heap before GC invocations=16 (full 1):
 PSYoungGen      total 40448K, used 33408K [0x00000000eab00000, 0x00000000eda80000, 0x0000000100000000)
  eden space 33280K, 100% used [0x00000000eab00000,0x00000000ecb80000,0x00000000ecb80000)
  from space 7168K, 1% used [0x00000000ed280000,0x00000000ed2a0000,0x00000000ed980000)
  to   space 7168K, 0% used [0x00000000ecb80000,0x00000000ecb80000,0x00000000ed280000)
 ParOldGen       total 28160K, used 10006K [0x00000000c0000000, 0x00000000c1b80000, 0x00000000eab00000)
  object space 28160K, 35% used [0x00000000c0000000,0x00000000c09c5940,0x00000000c1b80000)
 Metaspace       used 22022K, capacity 22488K, committed 22656K, reserved 1069056K
  class space    used 2906K, capacity 3077K, committed 3200K, reserved 1048576K
Event: 53.804 GC heap after
Heap after GC invocations=16 (full 1):
 PSYoungGen      total 40448K, used 240K [0x00000000eab00000, 0x00000000eea80000, 0x0000000100000000)
  eden space 33280K, 0% used [0x00000000eab00000,0x00000000eab00000,0x00000000ecb80000)
  from space 7168K, 3% used [0x00000000ecb80000,0x00000000ecbbc010,0x00000000ed280000)
  to   space 7168K, 0% used [0x00000000ee380000,0x00000000ee380000,0x00000000eea80000)
 ParOldGen       total 28160K, used 10118K [0x00000000c0000000, 0x00000000c1b80000, 0x00000000eab00000)
  object space 28160K, 35% used [0x00000000c0000000,0x00000000c09e1940,0x00000000c1b80000)
 Metaspace       used 22022K, capacity 22488K, committed 22656K, reserved 1069056K
  class space    used 2906K, capacity 3077K, committed 3200K, reserved 1048576K
}
Event: 54.355 GC heap before
{Heap before GC invocations=17 (full 1):
 PSYoungGen      total 40448K, used 33520K [0x00000000eab00000, 0x00000000eea80000, 0x0000000100000000)
  eden space 33280K, 100% used [0x00000000eab00000,0x00000000ecb80000,0x00000000ecb80000)
  from space 7168K, 3% used [0x00000000ecb80000,0x00000000ecbbc010,0x00000000ed280000)
  to   space 7168K, 0% used [0x00000000ee380000,0x00000000ee380000,0x00000000eea80000)
 ParOldGen       total 28160K, used 10118K [0x00000000c0000000, 0x00000000c1b80000, 0x00000000eab00000)
  object space 28160K, 35% used [0x00000000c0000000,0x00000000c09e1940,0x00000000c1b80000)
 Metaspace       used 22048K, capacity 22552K, committed 22912K, reserved 1069056K
  class space    used 2908K, capacity 3077K, committed 3200K, reserved 1048576K
Event: 54.357 GC heap after
Heap after GC invocations=17 (full 1):
 PSYoungGen      total 55808K, used 384K [0x00000000eab00000, 0x00000000ee900000, 0x0000000100000000)
  eden space 50176K, 0% used [0x00000000eab00000,0x00000000eab00000,0x00000000edc00000)
  from space 5632K, 6% used [0x00000000ee380000,0x00000000ee3e0000,0x00000000ee900000)
  to   space 6656K, 0% used [0x00000000edc00000,0x00000000edc00000,0x00000000ee280000)
 ParOldGen       total 28160K, used 10326K [0x00000000c0000000, 0x00000000c1b80000, 0x00000000eab00000)
  object space 28160K, 36% used [0x00000000c0000000,0x00000000c0a15990,0x00000000c1b80000)
 Metaspace       used 22048K, capacity 22552K, committed 22912K, reserved 1069056K
  class space    used 2908K, capacity 3077K, committed 3200K, reserved 1048576K
}
Event: 54.704 GC heap before
{Heap before GC invocations=18 (full 1):
 PSYoungGen      total 55808K, used 50560K [0x00000000eab00000, 0x00000000ee900000, 0x0000000100000000)
  eden space 50176K, 100% used [0x00000000eab00000,0x00000000edc00000,0x00000000edc00000)
  from space 5632K, 6% used [0x00000000ee380000,0x00000000ee3e0000,0x00000000ee900000)
  to   space 6656K, 0% used [0x00000000edc00000,0x00000000edc00000,0x00000000ee280000)
 ParOldGen       total 28160K, used 10326K [0x00000000c0000000, 0x00000000c1b80000, 0x00000000eab00000)
  object space 28160K, 36% used [0x00000000c0000000,0x00000000c0a15990,0x00000000c1b80000)
 Metaspace       used 22048K, capacity 22552K, committed 22912K, reserved 1069056K
  class space    used 2908K, capacity 3077K, committed 3200K, reserved 1048576K
Event: 54.706 GC heap after
Heap after GC invocations=18 (full 1):
 PSYoungGen      total 56832K, used 224K [0x00000000eab00000, 0x00000000ef980000, 0x0000000100000000)
  eden space 50176K, 0% used [0x00000000eab00000,0x00000000eab00000,0x00000000edc00000)
  from space 6656K, 3% used [0x00000000edc00000,0x00000000edc38000,0x00000000ee280000)
  to   space 6656K, 0% used [0x00000000ef300000,0x00000000ef300000,0x00000000ef980000)
 ParOldGen       total 28160K, used 10614K [0x00000000c0000000, 0x00000000c1b80000, 0x00000000eab00000)
  object space 28160K, 37% used [0x00000000c0000000,0x00000000c0a5d990,0x00000000c1b80000)
 Metaspace       used 22048K, capacity 22552K, committed 22912K, reserved 1069056K
  class space    used 2908K, capacity 3077K, committed 3200K, reserved 1048576K
}
Event: 56.908 GC heap before
{Heap before GC invocations=19 (full 1):
 PSYoungGen      total 56832K, used 50400K [0x00000000eab00000, 0x00000000ef980000, 0x0000000100000000)
  eden space 50176K, 100% used [0x00000000eab00000,0x00000000edc00000,0x00000000edc00000)
  from space 6656K, 3% used [0x00000000edc00000,0x00000000edc38000,0x00000000ee280000)
  to   space 6656K, 0% used [0x00000000ef300000,0x00000000ef300000,0x00000000ef980000)
 ParOldGen       total 28160K, used 10614K [0x00000000c0000000, 0x00000000c1b80000, 0x00000000eab00000)
  object space 28160K, 37% used [0x00000000c0000000,0x00000000c0a5d990,0x00000000c1b80000)
 Metaspace       used 22053K, capacity 22552K, committed 22912K, reserved 1069056K
  class space    used 2908K, capacity 3077K, committed 3200K, reserved 1048576K
Event: 56.910 GC heap after
Heap after GC invocations=19 (full 1):
 PSYoungGen      total 71680K, used 288K [0x00000000eab00000, 0x00000000ef880000, 0x0000000100000000)
  eden space 66048K, 0% used [0x00000000eab00000,0x00000000eab00000,0x00000000eeb80000)
  from space 5632K, 5% used [0x00000000ef300000,0x00000000ef348000,0x00000000ef880000)
  to   space 6656K, 0% used [0x00000000eeb80000,0x00000000eeb80000,0x00000000ef200000)
 ParOldGen       total 28160K, used 10782K [0x00000000c0000000, 0x00000000c1b80000, 0x00000000eab00000)
  object space 28160K, 38% used [0x00000000c0000000,0x00000000c0a87990,0x00000000c1b80000)
 Metaspace       used 22053K, capacity 22552K, committed 22912K, reserved 1069056K
  class space    used 2908K, capacity 3077K, committed 3200K, reserved 1048576K
}
Event: 57.307 GC heap before
{Heap before GC invocations=20 (full 1):
 PSYoungGen      total 71680K, used 66336K [0x00000000eab00000, 0x00000000ef880000, 0x0000000100000000)
  eden space 66048K, 100% used [0x00000000eab00000,0x00000000eeb80000,0x00000000eeb80000)
  from space 5632K, 5% used [0x00000000ef300000,0x00000000ef348000,0x00000000ef880000)
  to   space 6656K, 0% used [0x00000000eeb80000,0x00000000eeb80000,0x00000000ef200000)
 ParOldGen       total 28160K, used 10782K [0x00000000c0000000, 0x00000000c1b80000, 0x00000000eab00000)
  object space 28160K, 38% used [0x00000000c0000000,0x00000000c0a87990,0x00000000c1b80000)
 Metaspace       used 22053K, capacity 22552K, committed 22912K, reserved 1069056K
  class space    used 2908K, capacity 3077K, committed 3200K, reserved 1048576K
Event: 57.310 GC heap after
Heap after GC invocations=20 (full 1):
 PSYoungGen      total 72704K, used 608K [0x00000000eab00000, 0x00000000f0b00000, 0x0000000100000000)
  eden space 66048K, 0% used [0x00000000eab00000,0x00000000eab00000,0x00000000eeb80000)
  from space 6656K, 9% used [0x00000000eeb80000,0x00000000eec18020,0x00000000ef200000)
  to   space 6144K, 0% used [0x00000000f0500000,0x00000000f0500000,0x00000000f0b00000)
 ParOldGen       total 28160K, used 11022K [0x00000000c0000000, 0x00000000c1b80000, 0x00000000eab00000)
  object space 28160K, 39% used [0x00000000c0000000,0x00000000c0ac39b0,0x00000000c1b80000)
 Metaspace       used 22053K, capacity 22552K, committed 22912K, reserved 1069056K
  class space    used 2908K, capacity 3077K, committed 3200K, reserved 1048576K
}

